Build started 6/3/2013 20:52:41.
     1>Project "C:\projects\nvmm\ShaderDisasm\ShaderDisasm.vcxproj" on node 3 (build target(s)).
     1>InitializeBuildStatus:
         Creating "Trace\ShaderDisasm.unsuccessfulbuild" because "AlwaysCreate" was specified.
       ClCompile:
         C:\Program Files (x86)\Microsoft Visual Studio 10.0\VC\bin\CL.exe /c /nologo /W3 /WX- /Ox /Oy- /GL /D WIN32 /D NDEBUG /D _CONSOLE /D _WINDLL /Gm- /EHsc /MD /GS- /fp:precise /Zc:wchar_t /Zc:forScope /Fo"Trace\\" /Fd"Trace\vc100.pdb" /Gz /TP /analyze- /errorReport:prompt ddsShrinker.cpp ShaderDisasm.cpp
         ddsShrinker.cpp
         ShaderDisasm.cpp
       Link:
         C:\Program Files (x86)\Microsoft Visual Studio 10.0\VC\bin\link.exe /ERRORREPORT:PROMPT /OUT:"C:\projects\nvmm\Trace\ShaderDisasm.dll" /INCREMENTAL:NO /NOLOGO d3d9.lib d3dx9.lib kernel32.lib user32.lib gdi32.lib winspool.lib comdlg32.lib advapi32.lib shell32.lib ole32.lib oleaut32.lib uuid.lib odbc32.lib odbccp32.lib /DEF:"exports.def" /MANIFEST:NO /PDB:"C:\projects\nvmm\Trace\ShaderDisasm.pdb" /SUBSYSTEM:CONSOLE /OPT:REF /OPT:ICF /LTCG /TLBID:1 /NOENTRY /DYNAMICBASE:NO /IMPLIB:"C:\projects\nvmm\Trace\ShaderDisasm.lib" /MACHINE:X86 /DLL Trace\ddsShrinker.obj
         Trace\ShaderDisasm.obj
            Creating library C:\projects\nvmm\Trace\ShaderDisasm.lib and object C:\projects\nvmm\Trace\ShaderDisasm.exp
         Generating code
         Finished generating code
         ShaderDisasm.vcxproj -> C:\projects\nvmm\Trace\ShaderDisasm.dll
       FinalizeBuildStatus:
         Deleting file "Trace\ShaderDisasm.unsuccessfulbuild".
         Touching "Trace\ShaderDisasm.lastbuildstate".
     1>Done Building Project "C:\projects\nvmm\ShaderDisasm\ShaderDisasm.vcxproj" (build target(s)).

Build succeeded.

Time Elapsed 00:00:01.10
