Build started 12/29/2013 10:56:58.
     1>Project "C:\projects\psmm\xlive\xlive.vcxproj" on node 2 (build target(s)).
     1>InitializeBuildStatus:
         Creating "Release\xlive.unsuccessfulbuild" because "AlwaysCreate" was specified.
       ClCompile:
         All outputs are up-to-date.
       Link:
         C:\Program Files (x86)\Microsoft Visual Studio 10.0\VC\bin\link.exe /ERRORREPORT:PROMPT /OUT:"C:\projects\psmm\Release\fomm\xlive.dll" /INCREMENTAL:NO /NOLOGO kernel32.lib kernel32.lib user32.lib gdi32.lib winspool.lib comdlg32.lib advapi32.lib shell32.lib ole32.lib oleaut32.lib uuid.lib odbc32.lib odbccp32.lib /NODEFAULTLIB /DEF:"exports.def" /MANIFEST:NO /PDB:"C:\projects\psmm\Release\fomm\xlive.pdb" /SUBSYSTEM:WINDOWS /OPT:REF /OPT:ICF /LTCG /TLBID:1 /ENTRY:"MyMain" /DYNAMICBASE:NO /IMPLIB:"C:\projects\psmm\Release\fomm\xlive.lib" /MACHINE:X86 /DLL Release\codepatches.obj
         Release\d3dx.obj
         Release\SafeWrite.obj
         Release\xlive.obj
         Release\Main.obj
            Creating library C:\projects\psmm\Release\fomm\xlive.lib and object C:\projects\psmm\Release\fomm\xlive.exp
         Generating code
         Finished generating code
         xlive.vcxproj -> C:\projects\psmm\Release\fomm\xlive.dll
       FinalizeBuildStatus:
         Deleting file "Release\xlive.unsuccessfulbuild".
         Touching "Release\xlive.lastbuildstate".
     1>Done Building Project "C:\projects\psmm\xlive\xlive.vcxproj" (build target(s)).

Build succeeded.

Time Elapsed 00:00:00.61
